c:\0_dx\230215_忍者普尼利\mytest_2_withtexture\debug\vc142.pdb
c:\0_dx\230215_忍者普尼利\mytest_2_withtexture\debug\vc142.idb
c:\0_dx\230215_忍者普尼利\mytest_2_withtexture\debug\stb_image.obj
c:\0_dx\230215_忍者普尼利\mytest_2_withtexture\debug\maths_funcs.obj
c:\0_dx\230215_忍者普尼利\mytest_2_withtexture\debug\main_model_loading_with_texture.obj
c:\0_dx\230215_忍者普尼利\mytest_2_withtexture\debug\assimp-demo.exe
c:\0_dx\230215_忍者普尼利\mytest_2_withtexture\debug\assimp-demo.ilk
c:\0_dx\230215_忍者普尼利\mytest_2_withtexture\debug\assimp-demo.pdb
c:\0_dx\230215_忍者普尼利\mytest_2_withtexture\debug\bak_2_main_model_loading.obj
c:\0_dx\230215_忍者普尼利\mytest_2_withtexture\debug\bunny.obj
c:\0_dx\230215_忍者普尼利\mytest_2_withtexture\debug\main_model_loading.obj
c:\0_dx\230215_忍者普尼利\mytest_2_withtexture\debug\main_model_loading_without_texture.obj
c:\0_dx\230215_忍者普尼利\mytest_2_withtexture\debug\sphere.obj
c:\0_dx\230215_忍者普尼利\mytest_2_withtexture\debug\teapot.obj
c:\0_dx\230215_忍者普尼利\mytest_2_withtexture\debug\assimp-demo.tlog\cl.command.1.tlog
c:\0_dx\230215_忍者普尼利\mytest_2_withtexture\debug\assimp-demo.tlog\cl.read.1.tlog
c:\0_dx\230215_忍者普尼利\mytest_2_withtexture\debug\assimp-demo.tlog\cl.write.1.tlog
c:\0_dx\230215_忍者普尼利\mytest_2_withtexture\debug\assimp-demo.tlog\link.command.1.tlog
c:\0_dx\230215_忍者普尼利\mytest_2_withtexture\debug\assimp-demo.tlog\link.read.1.tlog
c:\0_dx\230215_忍者普尼利\mytest_2_withtexture\debug\assimp-demo.tlog\link.write.1.tlog
